{"G:\\webpack\\webpack_learn\\builder-webpack\\lib\\webpack.base.js":{"path":"G:\\webpack\\webpack_learn\\builder-webpack\\lib\\webpack.base.js","s":{"1":1,"2":1,"3":1,"4":1,"5":1,"6":1,"7":1,"8":1,"9":1,"10":1,"11":1,"12":2,"13":2,"14":2,"15":2,"16":2,"17":1,"18":1,"19":1,"20":0,"21":0,"22":0,"23":0},"b":{"1":[2,2],"2":[0,0],"3":[0,0,0]},"f":{"1":0},"fnMap":{"1":{"name":"reportError","line":86,"loc":{"start":{"line":86,"column":4},"end":{"line":86,"column":27}}}},"statementMap":{"1":{"start":{"line":1,"column":0},"end":{"line":1,"column":29}},"2":{"start":{"line":2,"column":0},"end":{"line":2,"column":57}},"3":{"start":{"line":3,"column":0},"end":{"line":3,"column":63}},"4":{"start":{"line":4,"column":0},"end":{"line":4,"column":78}},"5":{"start":{"line":6,"column":0},"end":{"line":6,"column":34}},"6":{"start":{"line":8,"column":0},"end":{"line":8,"column":29}},"7":{"start":{"line":10,"column":0},"end":{"line":40,"column":2}},"8":{"start":{"line":11,"column":2},"end":{"line":11,"column":19}},"9":{"start":{"line":12,"column":2},"end":{"line":12,"column":32}},"10":{"start":{"line":13,"column":2},"end":{"line":13,"column":75}},"11":{"start":{"line":14,"column":2},"end":{"line":34,"column":5}},"12":{"start":{"line":15,"column":4},"end":{"line":15,"column":40}},"13":{"start":{"line":16,"column":4},"end":{"line":16,"column":58}},"14":{"start":{"line":17,"column":4},"end":{"line":17,"column":39}},"15":{"start":{"line":18,"column":4},"end":{"line":18,"column":32}},"16":{"start":{"line":19,"column":4},"end":{"line":33,"column":6}},"17":{"start":{"line":36,"column":2},"end":{"line":39,"column":4}},"18":{"start":{"line":42,"column":0},"end":{"line":42,"column":47}},"19":{"start":{"line":44,"column":0},"end":{"line":96,"column":2}},"20":{"start":{"line":87,"column":6},"end":{"line":92,"column":9}},"21":{"start":{"line":88,"column":8},"end":{"line":91,"column":9}},"22":{"start":{"line":89,"column":10},"end":{"line":89,"column":36}},"23":{"start":{"line":90,"column":10},"end":{"line":90,"column":26}}},"branchMap":{"1":{"line":17,"type":"binary-expr","locations":[{"start":{"line":17,"column":21},"end":{"line":17,"column":26}},{"start":{"line":17,"column":30},"end":{"line":17,"column":38}}]},"2":{"line":88,"type":"if","locations":[{"start":{"line":88,"column":8},"end":{"line":88,"column":8}},{"start":{"line":88,"column":8},"end":{"line":88,"column":8}}]},"3":{"line":88,"type":"binary-expr","locations":[{"start":{"line":88,"column":12},"end":{"line":88,"column":36}},{"start":{"line":88,"column":40},"end":{"line":88,"column":71}},{"start":{"line":88,"column":75},"end":{"line":88,"column":113}}]}}}}